#
# There is insufficient memory for the Java Runtime Environment to continue.
# Native memory allocation (mmap) failed to map 264241152 bytes. Error detail: G1 virtual space
# Possible reasons:
#   The system is out of physical RAM or swap space
#   This process is running with CompressedOops enabled, and the Java Heap may be blocking the growth of the native heap
# Possible solutions:
#   Reduce memory load on the system
#   Increase physical memory or swap space
#   Check if swap backing store is full
#   Decrease Java heap size (-Xmx/-Xms)
#   Decrease number of Java threads
#   Decrease Java thread stack sizes (-Xss)
#   Set larger code cache with -XX:ReservedCodeCacheSize=
#   JVM is running with Zero Based Compressed Oops mode in which the Java heap is
#     placed in the first 32GB address space. The Java Heap base address is the
#     maximum limit for the native heap growth. Please use -XX:HeapBaseMinAddress
#     to set the Java Heap base and to place the Java Heap above 32GB virtual address.
# This output file may be truncated or incomplete.
#
#  Out of Memory Error (os_windows.cpp:3679), pid=21324, tid=22436
#
# JRE version:  (17.0.13+11) (build )
# Java VM: OpenJDK 64-Bit Server VM (17.0.13+11-LTS, mixed mode, sharing, tiered, compressed oops, compressed class ptrs, g1 gc, windows-amd64)
# No core dump will be written. Minidumps are not enabled by default on client versions of Windows
#

---------------  S U M M A R Y ------------

Command Line: com.google.prefab.cli.AppKt --build-system cmake --platform android --abi arm64-v8a --os-version 24 --stl c++_shared --ndk-version 27 --output C:\\Users\\hp\\AppData\\Local\\Temp\\agp-prefab-staging3428746021580689684\\staged-cli-output C:\\Users\\hp\\.gradle\\caches\\9.0.0\\transforms\\f97a0c8835e876dfb08e8efd6d33fd2f\\transformed\\react-android-0.83.1-debug\\prefab C:\\Users\\hp\\.gradle\\caches\\9.0.0\\transforms\\29919e313b2d3f97cb0d6a9c4fe8034f\\transformed\\hermes-android-0.14.0-debug\\prefab C:\\Users\\hp\\.gradle\\caches\\9.0.0\\transforms\\b85f62a599074afc3b2ec6cfb7884973\\transformed\\fbjni-0.7.0\\prefab

Host: 12th Gen Intel(R) Core(TM) i7-1255U, 12 cores, 15G,  Windows 11 , 64 bit Build 26100 (10.0.26100.7623)
Time: Thu Jan 22 14:34:16 2026 India Standard Time elapsed time: 1.432305 seconds (0d 0h 0m 1s)

---------------  T H R E A D  ---------------

Current thread (0x000001187729a510):  JavaThread "Unknown thread" [_thread_in_vm, id=22436, stack(0x0000001250f00000,0x0000001251000000)]

Stack: [0x0000001250f00000,0x0000001251000000]
Native frames: (J=compiled Java code, j=interpreted, Vv=VM code, C=native code)
V  [jvm.dll+0x687fc9]
V  [jvm.dll+0x83eeb8]
V  [jvm.dll+0x840963]
V  [jvm.dll+0x840fd3]
V  [jvm.dll+0x24951f]
V  [jvm.dll+0x684f89]
V  [jvm.dll+0x6794aa]
V  [jvm.dll+0x30ad27]
V  [jvm.dll+0x312296]
V  [jvm.dll+0x362bde]
V  [jvm.dll+0x362e1d]
V  [jvm.dll+0x2e1fbc]
V  [jvm.dll+0x2e2ed4]
V  [jvm.dll+0x810dbb]
V  [jvm.dll+0x3708f1]
V  [jvm.dll+0x7ef8af]
V  [jvm.dll+0x3f70ef]
V  [jvm.dll+0x3f8c21]
C  [jli.dll+0x52a0]
C  [ucrtbase.dll+0x37b0]
C  [KERNEL32.DLL+0x2e8d7]
C  [ntdll.dll+0x8c53c]


---------------  P R O C E S S  ---------------

Threads class SMR info:
_java_thread_list=0x00007fffa57cdf98, length=0, elements={
}

Java Threads: ( => current thread )

Other Threads:
  0x000001187730a5f0 GCTaskThread "GC Thread#0" [stack: 0x0000001251000000,0x0000001251100000] [id=25208]
  0x000001187731b080 ConcurrentGCThread "G1 Main Marker" [stack: 0x0000001251100000,0x0000001251200000] [id=17356]
  0x000001187731d530 ConcurrentGCThread "G1 Conc#0" [stack: 0x0000001251200000,0x0000001251300000] [id=20884]

[error occurred during error reporting (printing all threads), id 0xc0000005, EXCEPTION_ACCESS_VIOLATION (0xc0000005) at pc=0x00007fffa4f82b17]

VM state: not at safepoint (not fully initialized)

VM Mutex/Monitor currently owned by a thread:  ([mutex/lock_event])
[0x0000011877296d10] Heap_lock - owner thread: 0x000001187729a510

Heap address: 0x0000000705200000, size: 4014 MB, Compressed Oops mode: Zero based, Oop shift amount: 3

CDS archive(s) mapped at: [0x0000000000000000-0x0000000000000000-0x0000000000000000), size 0, SharedBaseAddress: 0x0000000800000000, ArchiveRelocationMode: 1.
Narrow klass base: 0x0000000000000000, Narrow klass shift: 0, Narrow klass range: 0x0

GC Precious Log:
<Empty>

Heap:
 garbage-first heap   total 0K, used 0K [0x0000000705200000, 0x0000000800000000)
  region size 2048K, 0 young (0K), 0 survivors (0K)

[error occurred during error reporting (printing heap information), id 0xc0000005, EXCEPTION_ACCESS_VIOLATION (0xc0000005) at pc=0x00007fffa5371ba9]

GC Heap History (0 events):
No events

Dll operation events (1 events):
Event: 0.007 Loaded shared library C:\Program Files\Microsoft\jdk-17.0.13.11-hotspot\bin\java.dll

Deoptimization events (0 events):
No events

Classes loaded (0 events):
No events

Classes unloaded (0 events):
No events

Classes redefined (0 events):
No events

Internal exceptions (0 events):
No events

VM Operations (0 events):
No events

Memory protections (0 events):
No events

Nmethod flushes (0 events):
No events

Events (0 events):
No events


Dynamic libraries:
0x00007ff7c9440000 - 0x00007ff7c944e000 	C:\Program Files\Microsoft\jdk-17.0.13.11-hotspot\bin\java.exe
0x00007ff86e740000 - 0x00007ff86e9a7000 	C:\WINDOWS\SYSTEM32\ntdll.dll
0x00007ff86e2b0000 - 0x00007ff86e379000 	C:\WINDOWS\System32\KERNEL32.DLL
0x00007ff86b890000 - 0x00007ff86bc7f000 	C:\WINDOWS\System32\KERNELBASE.dll
0x00007ff86bd20000 - 0x00007ff86be6b000 	C:\WINDOWS\System32\ucrtbase.dll
0x00007ff859430000 - 0x00007ff859447000 	C:\Program Files\Microsoft\jdk-17.0.13.11-hotspot\bin\jli.dll
0x00007ff859410000 - 0x00007ff85942d000 	C:\Program Files\Microsoft\jdk-17.0.13.11-hotspot\bin\VCRUNTIME140.dll
0x00007ff86d010000 - 0x00007ff86d1d5000 	C:\WINDOWS\System32\USER32.dll
0x00007ff84b0c0000 - 0x00007ff84b353000 	C:\WINDOWS\WinSxS\amd64_microsoft.windows.common-controls_6595b64144ccf1df_6.0.26100.7309_none_3e05feeae336a044\COMCTL32.dll
0x00007ff86bf20000 - 0x00007ff86bf47000 	C:\WINDOWS\System32\win32u.dll
0x00007ff86d460000 - 0x00007ff86d509000 	C:\WINDOWS\System32\msvcrt.dll
0x00007ff86e0e0000 - 0x00007ff86e10b000 	C:\WINDOWS\System32\GDI32.dll
0x00007ff86c3b0000 - 0x00007ff86c4dc000 	C:\WINDOWS\System32\gdi32full.dll
0x00007ff86be70000 - 0x00007ff86bf13000 	C:\WINDOWS\System32\msvcp_win.dll
0x00007ff86d1e0000 - 0x00007ff86d211000 	C:\WINDOWS\System32\IMM32.DLL
0x00007ff864e40000 - 0x00007ff864e4c000 	C:\Program Files\Microsoft\jdk-17.0.13.11-hotspot\bin\vcruntime140_1.dll
0x00007ff82b120000 - 0x00007ff82b1ad000 	C:\Program Files\Microsoft\jdk-17.0.13.11-hotspot\bin\msvcp140.dll
0x00007fffa4c90000 - 0x00007fffa5901000 	C:\Program Files\Microsoft\jdk-17.0.13.11-hotspot\bin\server\jvm.dll
0x00007ff86d9b0000 - 0x00007ff86da64000 	C:\WINDOWS\System32\ADVAPI32.dll
0x00007ff86d510000 - 0x00007ff86d5b6000 	C:\WINDOWS\System32\sechost.dll
0x00007ff86d340000 - 0x00007ff86d458000 	C:\WINDOWS\System32\RPCRT4.dll
0x00007ff86df80000 - 0x00007ff86dff4000 	C:\WINDOWS\System32\WS2_32.dll
0x00007ff8601c0000 - 0x00007ff8601cb000 	C:\WINDOWS\SYSTEM32\VERSION.dll
0x00007ff86b6f0000 - 0x00007ff86b74e000 	C:\WINDOWS\SYSTEM32\POWRPROF.dll
0x00007ff860380000 - 0x00007ff8603b5000 	C:\WINDOWS\SYSTEM32\WINMM.dll
0x00007ff86b6d0000 - 0x00007ff86b6e4000 	C:\WINDOWS\SYSTEM32\UMPDC.dll
0x00007ff86a640000 - 0x00007ff86a65b000 	C:\WINDOWS\SYSTEM32\kernel.appcore.dll
0x00007ff85fff0000 - 0x00007ff85fffa000 	C:\Program Files\Microsoft\jdk-17.0.13.11-hotspot\bin\jimage.dll
0x00007ff868f90000 - 0x00007ff8691d2000 	C:\WINDOWS\SYSTEM32\DBGHELP.DLL
0x00007ff86d620000 - 0x00007ff86d9a6000 	C:\WINDOWS\System32\combase.dll
0x00007ff86e000000 - 0x00007ff86e0d6000 	C:\WINDOWS\System32\OLEAUT32.dll
0x00007ff847640000 - 0x00007ff84767c000 	C:\WINDOWS\SYSTEM32\dbgcore.DLL
0x00007ff86c010000 - 0x00007ff86c0b5000 	C:\WINDOWS\System32\bcryptPrimitives.dll
0x00007ff8590a0000 - 0x00007ff8590c5000 	C:\Program Files\Microsoft\jdk-17.0.13.11-hotspot\bin\java.dll

dbghelp: loaded successfully - version: 4.0.5 - missing functions: none
symbol engine: initialized successfully - sym options: 0x614 - pdb path: .;C:\Program Files\Microsoft\jdk-17.0.13.11-hotspot\bin;C:\WINDOWS\SYSTEM32;C:\WINDOWS\WinSxS\amd64_microsoft.windows.common-controls_6595b64144ccf1df_6.0.26100.7309_none_3e05feeae336a044;C:\Program Files\Microsoft\jdk-17.0.13.11-hotspot\bin\server

VM Arguments:
java_command: com.google.prefab.cli.AppKt --build-system cmake --platform android --abi arm64-v8a --os-version 24 --stl c++_shared --ndk-version 27 --output C:\\Users\\hp\\AppData\\Local\\Temp\\agp-prefab-staging3428746021580689684\\staged-cli-output C:\\Users\\hp\\.gradle\\caches\\9.0.0\\transforms\\f97a0c8835e876dfb08e8efd6d33fd2f\\transformed\\react-android-0.83.1-debug\\prefab C:\\Users\\hp\\.gradle\\caches\\9.0.0\\transforms\\29919e313b2d3f97cb0d6a9c4fe8034f\\transformed\\hermes-android-0.14.0-debug\\prefab C:\\Users\\hp\\.gradle\\caches\\9.0.0\\transforms\\b85f62a599074afc3b2ec6cfb7884973\\transformed\\fbjni-0.7.0\\prefab
java_class_path (initial): C:\\Users\\hp\\.gradle\\caches\\modules-2\\files-2.1\\com.google.prefab\\cli\\2.1.0\\aa32fec809c44fa531f01dcfb739b5b3304d3050\\cli-2.1.0-all.jar
Launcher Type: SUN_STANDARD

[Global flags]
     intx CICompilerCount                          = 4                                         {product} {ergonomic}
     uint ConcGCThreads                            = 3                                         {product} {ergonomic}
     uint G1ConcRefinementThreads                  = 10                                        {product} {ergonomic}
   size_t G1HeapRegionSize                         = 2097152                                   {product} {ergonomic}
    uintx GCDrainStackTargetSize                   = 64                                        {product} {ergonomic}
   size_t InitialHeapSize                          = 264241152                                 {product} {ergonomic}
   size_t MarkStackSize                            = 4194304                                   {product} {ergonomic}
   size_t MaxHeapSize                              = 4208984064                                {product} {ergonomic}
   size_t MinHeapDeltaBytes                        = 2097152                                   {product} {ergonomic}
   size_t MinHeapSize                              = 8388608                                   {product} {ergonomic}
    uintx NonNMethodCodeHeapSize                   = 5839372                                {pd product} {ergonomic}
    uintx NonProfiledCodeHeapSize                  = 122909434                              {pd product} {ergonomic}
    uintx ProfiledCodeHeapSize                     = 122909434                              {pd product} {ergonomic}
    uintx ReservedCodeCacheSize                    = 251658240                              {pd product} {ergonomic}
     bool SegmentedCodeCache                       = true                                      {product} {ergonomic}
   size_t SoftMaxHeapSize                          = 4208984064                             {manageable} {ergonomic}
     bool UseCompressedClassPointers               = true                           {product lp64_product} {ergonomic}
     bool UseCompressedOops                        = true                           {product lp64_product} {ergonomic}
     bool UseG1GC                                  = true                                      {product} {ergonomic}
     bool UseLargePagesIndividualAllocation        = false                                  {pd product} {ergonomic}

Logging:
Log output configuration:
 #0: stdout all=warning uptime,level,tags
 #1: stderr all=off uptime,level,tags

Environment Variables:
JAVA_HOME=C:\Program Files\Microsoft\jdk-17.0.13.11-hotspot
PATH=E:\Bajrangee\node_modules\.bin;E:\Bajrangee\node_modules\.bin;E:\node_modules\.bin;C:\Users\hp\AppData\Roaming\npm\node_modules\npm\node_modules\@npmcli\run-script\lib\node-gyp-bin;C:\Program Files (x86)\Common Files\Oracle\Java\java8path;C:\Program Files (x86)\Common Files\Oracle\Java\javapath;C:\Program Files\Microsoft\jdk-17.0.13.11-hotspot\bin;C:\WINDOWS\system32;C:\WINDOWS;C:\WINDOWS\System32\Wbem;C:\WINDOWS\System32\WindowsPowerShell\v1.0\;C:\WINDOWS\System32\OpenSSH\;C:\Program Files\Microsoft\jdk-17.0.13.11-hotspot\\bin;C:\ProgramData\chocolatey\bin;C:\Users\hp\AppData\Local\Android\Sdk\platform-tools;C:\Program Files\dotnet\;C:\Program Files\nodejs\;C:\Program Files\Git\cmd;C:\xampp\php;C:\composer;C:\Program Files\Microsoft SQL Server\110\Tools\Binn\;C:\Users\hp\AppData\Local\Microsoft\WindowsApps;C:\Users\hp\AppData\Local\Programs\Microsoft VS Code\bin;C:\Users\hp\.dotnet\tools;C:\Users\hp\AppData\Roaming\npm;C:\Users\hp\AppData\Roaming\Composer\vendor\bin;
USERNAME=hp
OS=Windows_NT
PROCESSOR_IDENTIFIER=Intel64 Family 6 Model 154 Stepping 4, GenuineIntel
TMP=C:\Users\hp\AppData\Local\Temp
TEMP=C:\Users\hp\AppData\Local\Temp



Periodic native trim disabled


---------------  S Y S T E M  ---------------

OS:
 Windows 11 , 64 bit Build 26100 (10.0.26100.7623)
OS uptime: 0 days 22:26 hours
Hyper-V role detected

CPU: total 12 (initial active 12) (6 cores per cpu, 2 threads per core) family 6 model 154 stepping 4 microcode 0x42c, cx8, cmov, fxsr, ht, mmx, 3dnowpref, sse, sse2, sse3, ssse3, sse4.1, sse4.2, popcnt, lzcnt, tsc, tscinvbit, avx, avx2, aes, erms, clmul, bmi1, bmi2, adx, sha, fma, vzeroupper, clflush, clflushopt, clwb, hv
Processor Information for processor 0
  Max Mhz: 1700, Current Mhz: 1700, Mhz Limit: 1700
Processor Information for processor 1
  Max Mhz: 1700, Current Mhz: 1700, Mhz Limit: 1700
Processor Information for processor 2
  Max Mhz: 1700, Current Mhz: 1700, Mhz Limit: 1700
Processor Information for processor 3
  Max Mhz: 1700, Current Mhz: 1700, Mhz Limit: 1700
Processor Information for processor 4
  Max Mhz: 1700, Current Mhz: 1200, Mhz Limit: 1190
Processor Information for processor 5
  Max Mhz: 1700, Current Mhz: 1200, Mhz Limit: 1190
Processor Information for processor 6
  Max Mhz: 1700, Current Mhz: 1200, Mhz Limit: 1190
Processor Information for processor 7
  Max Mhz: 1700, Current Mhz: 1200, Mhz Limit: 1190
Processor Information for processor 8
  Max Mhz: 1700, Current Mhz: 1200, Mhz Limit: 1190
Processor Information for processor 9
  Max Mhz: 1700, Current Mhz: 1200, Mhz Limit: 1190
Processor Information for processor 10
  Max Mhz: 1700, Current Mhz: 1200, Mhz Limit: 1190
Processor Information for processor 11
  Max Mhz: 1700, Current Mhz: 1200, Mhz Limit: 1190

Memory: 4k page, system-wide physical 16055M (1572M free)
TotalPageFile size 36873M (AvailPageFile size 92M)
current process WorkingSet (physical memory assigned to process): 12M, peak: 12M
current process commit charge ("private bytes"): 64M, peak: 316M

vm_info: OpenJDK 64-Bit Server VM (17.0.13+11-LTS) for windows-amd64 JRE (17.0.13+11-LTS), built on Oct 11 2024 23:25:05 by "MicrosoftCorporation" with unknown MS VC++:1939

END.
